89 0
94 0
97 0
256 0
534 0
639 0
744 0
1091 0
1234 0
1343 0
1396 0
1399 0
1441 0
1457 0
1468 0
1962 0
1994 0
2006 0
2017 0
2179 0
2229 0
2371 0
2481 0
2654 0
2678 0
2726 0
2755 0
3066 0
3110 0
3129 0
3148 0
3247 0
3322 0
3353 0
3472 0
3518 0
3615 0
3650 0
3698 0
3752 0
3780 0
3834 0
3846 0
3953 0
3964 0
4270 0
4411 0
4559 0
4580 0
4726 0
5035 0
5263 0
5592 0
5821 0
5990 0
6172 0
6310 0
6320 0
6425 0
6570 0
6629 0
6709 0
6759 0
6780 0
6966 0
6980 0
7431 0
7909 0
8000 0
8070 0
8266 0
8319 0
8328 0
8365 0
8432 0
8596 0
8745 0
8945 0
9046 0
9164 0
9299 0
9649 0
9839 0
9889 0
9947 0
9949 0
10212 0
11092 0
11111 0
11234 0
11297 0
11343 0
11458 0
11497 0
11511 0
11652 0
11762 0
11798 0
12149 0
12282 0
12490 0
12593 0
12652 0
12724 0
12805 0
13015 0
13059 0
13148 0
13242 0
13270 0
13329 0
13477 0
13626 0
13833 0
13966 0
14095 0
14100 0
14147 0
14262 0
14272 0
14316 0
14701 0
14755 0
14842 0
15001 0
15103 0
15202 0
15351 0
15404 0
15464 0
15516 0
15602 0
15605 0
15765 0
15780 0
15911 0
15943 0
15967 0
16086 0
16316 0
16369 0
16646 0
16700 0
16721 0
16752 0
16753 0
16764 0
17007 0
17107 0
17298 0
17362 0
17606 0
17692 0
17735 0
17833 0
18129 0
18287 0
18300 0
18303 0
18319 0
18327 0
18410 0
18424 0
18695 0
18853 0
18954 0
18965 0
18996 0
19069 0
19154 0
19215 0
19222 0
19231 0
19252 0
19291 0
19297 0
19535 0
19850 0
19867 0
19988 0
20033 0
20049 0
20091 0
20148 0
20163 0
20277 0
20401 0
20475 0
20649 0
20655 0
20711 0
20791 0
20882 0
20972 0
20983 0
20985 0
21044 0
21337 0
21444 0
21531 0
21618 0
21637 0
21690 0
21927 0
22178 0
22328 0
22438 0
22464 0
22518 0
22561 0
22565 0
22977 0
23046 0
23375 0
23428 0
23431 0
23452 0
23505 0
23639 0
23666 0
23788 0
23986 0
24137 0
24234 0
24494 0
24556 0
24560 0
24778 0
24813 0
24922 0
24982 0
25023 0
25098 0
25117 0
25260 0
25403 0
25632 0
25791 0
25829 0
25865 0
25931 0
25935 0
25946 0
25965 0
26048 0
26051 0
26265 0
26396 0
26489 0
26520 0
26544 0
26618 0
26628 0
26823 0
27016 0
27128 0
27134 0
27204 0
27267 0
27334 0
27382 0
27418 0
27430 0
27473 0
27599 0
27818 0
27873 0
28379 0
28619 0
28717 0
28725 0
28796 0
28908 0
29122 0
29133 0
29202 0
29216 0
29267 0
29358 0
29569 0
29674 0
29964 0
30005 0
30184 0
30263 0
30587 0
30732 0
30903 0
31183 0
31264 0
31320 0
31562 0
31566 0
31936 0
32027 0
32106 0
32163 0
32326 0
32347 0
32485 0
32500 0
32616 0
32660 0
33079 0
33622 0
33668 0
33671 0
33710 0
33795 0
33811 0
33921 0
34034 0
34353 0
34474 0
34531 0
34544 0
34606 0
34758 0
34815 0
34920 0
34932 0
35053 0
35090 0
35308 0
35387 0
35624 0
35656 0
35658 0
35755 0
35789 0
35804 0
36212 0
36451 0
36583 0
36707 0
36724 0
36861 0
36984 0
37004 0
37029 0
37062 0
37224 0
37692 0
37731 0
37976 0
38038 0
38060 0
38063 0
38123 0
38136 0
38179 0
38335 0
38386 0
38444 0
38489 0
38719 0
38721 0
38894 0
39001 0
39132 0
39139 0
39230 0
39235 0
39502 0
39591 0
39636 0
39642 0
39706 0
39808 0
39902 0
40118 0
40238 0
40379 0
40479 0
40978 0
41293 0
41475 0
41493 0
41558 0
41594 0
42051 0
42284 0
42352 0
42440 0
42449 0
42540 0
42552 0
42719 0
42762 0
42843 0
43167 0
43350 0
43529 0
43652 0
43814 0
43816 0
43827 0
43907 0
43941 0
44131 0
44243 0
44284 0
44386 0
44539 0
44541 0
44624 0
44684 0
44901 0
44906 0
44910 0
44920 0
44960 0
45160 0
45220 0
45627 0
45664 0
45751 0
45754 0
45902 0
46059 0
46080 0
46163 0
46290 0
46473 0
46552 0
46898 0
47068 0
47136 0
47326 0
47511 0
47563 0
47700 0
47960 0
48027 0
48174 0
48227 0
48403 0
48468 0
48794 0
49188 0
49229 0
49494 0
49649 0
49751 0
49774 0
49793 0
49868 0
49871 0
49882 0
49941 0
49945 0
